0 info it worked if it ends with ok
1 verbose cli [ 'C:\\Program Files\\nodejs\\node.exe',
1 verbose cli   'C:\\Program Files\\nodejs\\node_modules\\npm\\bin\\npm-cli.js',
1 verbose cli   'run',
1 verbose cli   'package-win' ]
2 info using npm@3.10.10
3 info using node@v6.11.3
4 verbose run-script [ 'prepackage-win', 'package-win', 'postpackage-win' ]
5 info lifecycle c@1.0.0~prepackage-win: c@1.0.0
6 silly lifecycle c@1.0.0~prepackage-win: no script for prepackage-win, continuing
7 info lifecycle c@1.0.0~package-win: c@1.0.0
8 verbose lifecycle c@1.0.0~package-win: unsafe-perm in lifecycle true
9 verbose lifecycle c@1.0.0~package-win: PATH: C:\Program Files\nodejs\node_modules\npm\bin\node-gyp-bin;C:\Users\user\Desktop\assignment-c\node_modules\.bin;C:\ProgramData\Oracle\Java\javapath;C:\Program Files (x86)\Intel\iCLS Client\;C:\Program Files\Intel\iCLS Client\;C:\windows\system32;C:\windows;C:\windows\System32\Wbem;C:\windows\System32\WindowsPowerShell\v1.0\;C:\Program Files (x86)\Intel\Intel(R) Management Engine Components\DAL;C:\Program Files\Intel\Intel(R) Management Engine Components\DAL;C:\Program Files (x86)\Intel\Intel(R) Management Engine Components\IPT;C:\Program Files\Intel\Intel(R) Management Engine Components\IPT;C:\Program Files (x86)\NVIDIA Corporation\PhysX\Common;C:\Program Files\PuTTY\;C:\Program Files\Git\cmd;C:\Program Files\nodejs\;C:\Python27;C:\Program Files (x86)\GtkSharp\2.12\bin;C:\Users\user\AppData\Local\GitHubDesktop\bin;C:\Users\user\AppData\Roaming\npm;C:\Users\user\AppData\Local\Android\sdk\platform-tools
10 verbose lifecycle c@1.0.0~package-win: CWD: C:\Users\user\Desktop\assignment-c
11 silly lifecycle c@1.0.0~package-win: Args: [ '/d /s /c',
11 silly lifecycle   'electron-packager . Assignment-c app --overwrite --asar=true --platform=win32 --arch=ia32 --prune=true --out=release-builds --version-string.ProductName="Assignment-c app"' ]
12 silly lifecycle c@1.0.0~package-win: Returned: code: 1  signal: null
13 info lifecycle c@1.0.0~package-win: Failed to exec package-win script
14 verbose stack Error: c@1.0.0 package-win: `electron-packager . Assignment-c app --overwrite --asar=true --platform=win32 --arch=ia32 --prune=true --out=release-builds --version-string.ProductName="Assignment-c app"`
14 verbose stack Exit status 1
14 verbose stack     at EventEmitter.<anonymous> (C:\Program Files\nodejs\node_modules\npm\lib\utils\lifecycle.js:255:16)
14 verbose stack     at emitTwo (events.js:106:13)
14 verbose stack     at EventEmitter.emit (events.js:191:7)
14 verbose stack     at ChildProcess.<anonymous> (C:\Program Files\nodejs\node_modules\npm\lib\utils\spawn.js:40:14)
14 verbose stack     at emitTwo (events.js:106:13)
14 verbose stack     at ChildProcess.emit (events.js:191:7)
14 verbose stack     at maybeClose (internal/child_process.js:920:16)
14 verbose stack     at Process.ChildProcess._handle.onexit (internal/child_process.js:230:5)
15 verbose pkgid c@1.0.0
16 verbose cwd C:\Users\user\Desktop\assignment-c\release-builds\Assignment-c-win32-ia32
17 error Windows_NT 10.0.10586
18 error argv "C:\\Program Files\\nodejs\\node.exe" "C:\\Program Files\\nodejs\\node_modules\\npm\\bin\\npm-cli.js" "run" "package-win"
19 error node v6.11.3
20 error npm  v3.10.10
21 error code ELIFECYCLE
22 error c@1.0.0 package-win: `electron-packager . Assignment-c app --overwrite --asar=true --platform=win32 --arch=ia32 --prune=true --out=release-builds --version-string.ProductName="Assignment-c app"`
22 error Exit status 1
23 error Failed at the c@1.0.0 package-win script 'electron-packager . Assignment-c app --overwrite --asar=true --platform=win32 --arch=ia32 --prune=true --out=release-builds --version-string.ProductName="Assignment-c app"'.
23 error Make sure you have the latest version of node.js and npm installed.
23 error If you do, this is most likely a problem with the c package,
23 error not with npm itself.
23 error Tell the author that this fails on your system:
23 error     electron-packager . Assignment-c app --overwrite --asar=true --platform=win32 --arch=ia32 --prune=true --out=release-builds --version-string.ProductName="Assignment-c app"
23 error You can get information on how to open an issue for this project with:
23 error     npm bugs c
23 error Or if that isn't available, you can get their info via:
23 error     npm owner ls c
23 error There is likely additional logging output above.
24 verbose exit [ 1, true ]
